[2023-10-04 22:11:44,070] INFO [GroupMetadataManager brokerId=2] Removed 0 expired offsets in 1 milliseconds. (kafka.coordinator.group.GroupMetadataManager)
[2023-10-04 22:18:32,812] ERROR Error while reading checkpoint file /tmp/kafka-logs2/cleaner-offset-checkpoint (kafka.server.LogDirFailureChannel)
java.nio.file.NoSuchFileException: /tmp/kafka-logs2/cleaner-offset-checkpoint
	at java.base/sun.nio.fs.UnixException.translateToIOException(UnixException.java:92)
	at java.base/sun.nio.fs.UnixException.rethrowAsIOException(UnixException.java:111)
	at java.base/sun.nio.fs.UnixException.rethrowAsIOException(UnixException.java:116)
	at java.base/sun.nio.fs.UnixFileSystemProvider.newByteChannel(UnixFileSystemProvider.java:219)
	at java.base/java.nio.file.Files.newByteChannel(Files.java:371)
	at java.base/java.nio.file.Files.newByteChannel(Files.java:422)
	at java.base/java.nio.file.spi.FileSystemProvider.newInputStream(FileSystemProvider.java:420)
	at java.base/java.nio.file.Files.newInputStream(Files.java:156)
	at java.base/java.nio.file.Files.newBufferedReader(Files.java:2839)
	at java.base/java.nio.file.Files.newBufferedReader(Files.java:2871)
	at kafka.server.checkpoints.CheckpointFile.liftedTree2$1(CheckpointFile.scala:87)
	at kafka.server.checkpoints.CheckpointFile.read(CheckpointFile.scala:86)
	at kafka.server.checkpoints.OffsetCheckpointFile.read(OffsetCheckpointFile.scala:61)
	at kafka.log.LogCleanerManager.$anonfun$allCleanerCheckpoints$2(LogCleanerManager.scala:134)
	at scala.collection.Iterator$$anon$10.nextCur(Iterator.scala:583)
	at scala.collection.Iterator$$anon$10.hasNext(Iterator.scala:597)
	at scala.collection.mutable.ListBuffer.addAll(ListBuffer.scala:118)
	at scala.collection.mutable.ListBuffer$.from(ListBuffer.scala:38)
	at scala.collection.immutable.List$.from(List.scala:617)
	at scala.collection.immutable.List$.from(List.scala:611)
	at scala.collection.IterableFactory$Delegate.from(Factory.scala:288)
	at scala.collection.immutable.Iterable$.from(Iterable.scala:35)
	at scala.collection.immutable.Iterable$.from(Iterable.scala:32)
	at scala.collection.IterableFactory$Delegate.from(Factory.scala:288)
	at scala.collection.IterableOps.flatMap(Iterable.scala:674)
	at scala.collection.IterableOps.flatMap$(Iterable.scala:674)
	at scala.collection.AbstractIterable.flatMap(Iterable.scala:921)
	at kafka.log.LogCleanerManager.$anonfun$allCleanerCheckpoints$1(LogCleanerManager.scala:132)
	at kafka.log.LogCleanerManager.allCleanerCheckpoints(LogCleanerManager.scala:140)
	at kafka.log.LogCleanerManager.$anonfun$grabFilthiestCompactedLog$1(LogCleanerManager.scala:171)
	at kafka.log.LogCleanerManager.grabFilthiestCompactedLog(LogCleanerManager.scala:168)
	at kafka.log.LogCleaner$CleanerThread.cleanFilthiestLog(LogCleaner.scala:327)
	at kafka.log.LogCleaner$CleanerThread.tryCleanFilthiestLog(LogCleaner.scala:314)
	at kafka.log.LogCleaner$CleanerThread.doWork(LogCleaner.scala:303)
	at kafka.utils.ShutdownableThread.run(ShutdownableThread.scala:96)
[2023-10-04 22:18:32,819] WARN [ReplicaManager broker=2] Stopping serving replicas in dir /tmp/kafka-logs2 (kafka.server.ReplicaManager)
[2023-10-04 22:18:32,828] INFO [ReplicaFetcherManager on broker 2] Removed fetcher for partitions Set(topic02-2, topic01-0, topic02-1, topic02-0) (kafka.server.ReplicaFetcherManager)
[2023-10-04 22:18:32,829] INFO [ReplicaAlterLogDirsManager on broker 2] Removed fetcher for partitions Set(topic02-2, topic01-0, topic02-1, topic02-0) (kafka.server.ReplicaAlterLogDirsManager)
[2023-10-04 22:18:32,837] WARN [ReplicaManager broker=2] Broker 2 stopped fetcher for partitions topic02-2,topic01-0,topic02-1,topic02-0 and stopped moving logs for partitions  because they are in the failed log directory /tmp/kafka-logs2. (kafka.server.ReplicaManager)
[2023-10-04 22:18:32,837] WARN Stopping serving logs in dir /tmp/kafka-logs2 (kafka.log.LogManager)
[2023-10-04 22:18:32,844] ERROR Shutdown broker because all log dirs in /tmp/kafka-logs2 have failed (kafka.log.LogManager)
