[2023-09-27 02:54:18,310] INFO Registered kafka:type=kafka.Log4jController MBean (kafka.utils.Log4jControllerRegistration$)
[2023-09-27 02:54:18,507] INFO Setting -D jdk.tls.rejectClientInitiatedRenegotiation=true to disable client-initiated TLS renegotiation (org.apache.zookeeper.common.X509Util)
[2023-09-27 02:54:18,540] INFO Registered signal handlers for TERM, INT, HUP (org.apache.kafka.common.utils.LoggingSignalHandler)
[2023-09-27 02:54:18,542] INFO starting (kafka.server.KafkaServer)
[2023-09-27 02:54:18,543] INFO Connecting to zookeeper on localhost:2181,localhost:2182,localhost:2183 (kafka.server.KafkaServer)
[2023-09-27 02:54:18,553] INFO [ZooKeeperClient Kafka server] Initializing a new session to localhost:2181,localhost:2182,localhost:2183. (kafka.zookeeper.ZooKeeperClient)
[2023-09-27 02:54:18,557] INFO Client environment:zookeeper.version=3.5.7-f0fdd52973d373ffd9c86b81d99842dc2c7f660e, built on 02/10/2020 11:30 GMT (org.apache.zookeeper.ZooKeeper)
[2023-09-27 02:54:18,557] INFO Client environment:host.name=localhost (org.apache.zookeeper.ZooKeeper)
[2023-09-27 02:54:18,557] INFO Client environment:java.version=11.0.18 (org.apache.zookeeper.ZooKeeper)
[2023-09-27 02:54:18,557] INFO Client environment:java.vendor=Oracle Corporation (org.apache.zookeeper.ZooKeeper)
[2023-09-27 02:54:18,557] INFO Client environment:java.home=/Library/Java/JavaVirtualMachines/jdk-11.jdk/Contents/Home (org.apache.zookeeper.ZooKeeper)
[2023-09-27 02:54:18,557] INFO Client environment:java.class.path=/Users/sofiyan/Workspace/Kafka/MultipleKafkaNodes/KafkaNode3/bin/../libs/activation-1.1.1.jar:/Users/sofiyan/Workspace/Kafka/MultipleKafkaNodes/KafkaNode3/bin/../libs/aopalliance-repackaged-2.5.0.jar:/Users/sofiyan/Workspace/Kafka/MultipleKafkaNodes/KafkaNode3/bin/../libs/argparse4j-0.7.0.jar:/Users/sofiyan/Workspace/Kafka/MultipleKafkaNodes/KafkaNode3/bin/../libs/audience-annotations-0.5.0.jar:/Users/sofiyan/Workspace/Kafka/MultipleKafkaNodes/KafkaNode3/bin/../libs/commons-cli-1.4.jar:/Users/sofiyan/Workspace/Kafka/MultipleKafkaNodes/KafkaNode3/bin/../libs/commons-lang3-3.8.1.jar:/Users/sofiyan/Workspace/Kafka/MultipleKafkaNodes/KafkaNode3/bin/../libs/connect-api-2.5.0.jar:/Users/sofiyan/Workspace/Kafka/MultipleKafkaNodes/KafkaNode3/bin/../libs/connect-basic-auth-extension-2.5.0.jar:/Users/sofiyan/Workspace/Kafka/MultipleKafkaNodes/KafkaNode3/bin/../libs/connect-file-2.5.0.jar:/Users/sofiyan/Workspace/Kafka/MultipleKafkaNodes/KafkaNode3/bin/../libs/connect-json-2.5.0.jar:/Users/sofiyan/Workspace/Kafka/MultipleKafkaNodes/KafkaNode3/bin/../libs/connect-mirror-2.5.0.jar:/Users/sofiyan/Workspace/Kafka/MultipleKafkaNodes/KafkaNode3/bin/../libs/connect-mirror-client-2.5.0.jar:/Users/sofiyan/Workspace/Kafka/MultipleKafkaNodes/KafkaNode3/bin/../libs/connect-runtime-2.5.0.jar:/Users/sofiyan/Workspace/Kafka/MultipleKafkaNodes/KafkaNode3/bin/../libs/connect-transforms-2.5.0.jar:/Users/sofiyan/Workspace/Kafka/MultipleKafkaNodes/KafkaNode3/bin/../libs/hk2-api-2.5.0.jar:/Users/sofiyan/Workspace/Kafka/MultipleKafkaNodes/KafkaNode3/bin/../libs/hk2-locator-2.5.0.jar:/Users/sofiyan/Workspace/Kafka/MultipleKafkaNodes/KafkaNode3/bin/../libs/hk2-utils-2.5.0.jar:/Users/sofiyan/Workspace/Kafka/MultipleKafkaNodes/KafkaNode3/bin/../libs/jackson-annotations-2.10.2.jar:/Users/sofiyan/Workspace/Kafka/MultipleKafkaNodes/KafkaNode3/bin/../libs/jackson-core-2.10.2.jar:/Users/sofiyan/Workspace/Kafka/MultipleKafkaNodes/KafkaNode3/bin/../libs/jackson-databind-2.10.2.jar:/Users/sofiyan/Workspace/Kafka/MultipleKafkaNodes/KafkaNode3/bin/../libs/jackson-dataformat-csv-2.10.2.jar:/Users/sofiyan/Workspace/Kafka/MultipleKafkaNodes/KafkaNode3/bin/../libs/jackson-datatype-jdk8-2.10.2.jar:/Users/sofiyan/Workspace/Kafka/MultipleKafkaNodes/KafkaNode3/bin/../libs/jackson-jaxrs-base-2.10.2.jar:/Users/sofiyan/Workspace/Kafka/MultipleKafkaNodes/KafkaNode3/bin/../libs/jackson-jaxrs-json-provider-2.10.2.jar:/Users/sofiyan/Workspace/Kafka/MultipleKafkaNodes/KafkaNode3/bin/../libs/jackson-module-jaxb-annotations-2.10.2.jar:/Users/sofiyan/Workspace/Kafka/MultipleKafkaNodes/KafkaNode3/bin/../libs/jackson-module-paranamer-2.10.2.jar:/Users/sofiyan/Workspace/Kafka/MultipleKafkaNodes/KafkaNode3/bin/../libs/jackson-module-scala_2.13-2.10.2.jar:/Users/sofiyan/Workspace/Kafka/MultipleKafkaNodes/KafkaNode3/bin/../libs/jakarta.activation-api-1.2.1.jar:/Users/sofiyan/Workspace/Kafka/MultipleKafkaNodes/KafkaNode3/bin/../libs/jakarta.annotation-api-1.3.4.jar:/Users/sofiyan/Workspace/Kafka/MultipleKafkaNodes/KafkaNode3/bin/../libs/jakarta.inject-2.5.0.jar:/Users/sofiyan/Workspace/Kafka/MultipleKafkaNodes/KafkaNode3/bin/../libs/jakarta.ws.rs-api-2.1.5.jar:/Users/sofiyan/Workspace/Kafka/MultipleKafkaNodes/KafkaNode3/bin/../libs/jakarta.xml.bind-api-2.3.2.jar:/Users/sofiyan/Workspace/Kafka/MultipleKafkaNodes/KafkaNode3/bin/../libs/javassist-3.22.0-CR2.jar:/Users/sofiyan/Workspace/Kafka/MultipleKafkaNodes/KafkaNode3/bin/../libs/javassist-3.26.0-GA.jar:/Users/sofiyan/Workspace/Kafka/MultipleKafkaNodes/KafkaNode3/bin/../libs/javax.servlet-api-3.1.0.jar:/Users/sofiyan/Workspace/Kafka/MultipleKafkaNodes/KafkaNode3/bin/../libs/javax.ws.rs-api-2.1.1.jar:/Users/sofiyan/Workspace/Kafka/MultipleKafkaNodes/KafkaNode3/bin/../libs/jaxb-api-2.3.0.jar:/Users/sofiyan/Workspace/Kafka/MultipleKafkaNodes/KafkaNode3/bin/../libs/jersey-client-2.28.jar:/Users/sofiyan/Workspace/Kafka/MultipleKafkaNodes/KafkaNode3/bin/../libs/jersey-common-2.28.jar:/Users/sofiyan/Workspace/Kafka/MultipleKafkaNodes/KafkaNode3/bin/../libs/jersey-container-servlet-2.28.jar:/Users/sofiyan/Workspace/Kafka/MultipleKafkaNodes/KafkaNode3/bin/../libs/jersey-container-servlet-core-2.28.jar:/Users/sofiyan/Workspace/Kafka/MultipleKafkaNodes/KafkaNode3/bin/../libs/jersey-hk2-2.28.jar:/Users/sofiyan/Workspace/Kafka/MultipleKafkaNodes/KafkaNode3/bin/../libs/jersey-media-jaxb-2.28.jar:/Users/sofiyan/Workspace/Kafka/MultipleKafkaNodes/KafkaNode3/bin/../libs/jersey-server-2.28.jar:/Users/sofiyan/Workspace/Kafka/MultipleKafkaNodes/KafkaNode3/bin/../libs/jetty-client-9.4.24.v20191120.jar:/Users/sofiyan/Workspace/Kafka/MultipleKafkaNodes/KafkaNode3/bin/../libs/jetty-continuation-9.4.24.v20191120.jar:/Users/sofiyan/Workspace/Kafka/MultipleKafkaNodes/KafkaNode3/bin/../libs/jetty-http-9.4.24.v20191120.jar:/Users/sofiyan/Workspace/Kafka/MultipleKafkaNodes/KafkaNode3/bin/../libs/jetty-io-9.4.24.v20191120.jar:/Users/sofiyan/Workspace/Kafka/MultipleKafkaNodes/KafkaNode3/bin/../libs/jetty-security-9.4.24.v20191120.jar:/Users/sofiyan/Workspace/Kafka/MultipleKafkaNodes/KafkaNode3/bin/../libs/jetty-server-9.4.24.v20191120.jar:/Users/sofiyan/Workspace/Kafka/MultipleKafkaNodes/KafkaNode3/bin/../libs/jetty-servlet-9.4.24.v20191120.jar:/Users/sofiyan/Workspace/Kafka/MultipleKafkaNodes/KafkaNode3/bin/../libs/jetty-servlets-9.4.24.v20191120.jar:/Users/sofiyan/Workspace/Kafka/MultipleKafkaNodes/KafkaNode3/bin/../libs/jetty-util-9.4.24.v20191120.jar:/Users/sofiyan/Workspace/Kafka/MultipleKafkaNodes/KafkaNode3/bin/../libs/jopt-simple-5.0.4.jar:/Users/sofiyan/Workspace/Kafka/MultipleKafkaNodes/KafkaNode3/bin/../libs/kafka-clients-2.5.0.jar:/Users/sofiyan/Workspace/Kafka/MultipleKafkaNodes/KafkaNode3/bin/../libs/kafka-log4j-appender-2.5.0.jar:/Users/sofiyan/Workspace/Kafka/MultipleKafkaNodes/KafkaNode3/bin/../libs/kafka-streams-2.5.0.jar:/Users/sofiyan/Workspace/Kafka/MultipleKafkaNodes/KafkaNode3/bin/../libs/kafka-streams-examples-2.5.0.jar:/Users/sofiyan/Workspace/Kafka/MultipleKafkaNodes/KafkaNode3/bin/../libs/kafka-streams-scala_2.13-2.5.0.jar:/Users/sofiyan/Workspace/Kafka/MultipleKafkaNodes/KafkaNode3/bin/../libs/kafka-streams-test-utils-2.5.0.jar:/Users/sofiyan/Workspace/Kafka/MultipleKafkaNodes/KafkaNode3/bin/../libs/kafka-tools-2.5.0.jar:/Users/sofiyan/Workspace/Kafka/MultipleKafkaNodes/KafkaNode3/bin/../libs/kafka_2.13-2.5.0-sources.jar:/Users/sofiyan/Workspace/Kafka/MultipleKafkaNodes/KafkaNode3/bin/../libs/kafka_2.13-2.5.0.jar:/Users/sofiyan/Workspace/Kafka/MultipleKafkaNodes/KafkaNode3/bin/../libs/log4j-1.2.17.jar:/Users/sofiyan/Workspace/Kafka/MultipleKafkaNodes/KafkaNode3/bin/../libs/lz4-java-1.7.1.jar:/Users/sofiyan/Workspace/Kafka/MultipleKafkaNodes/KafkaNode3/bin/../libs/maven-artifact-3.6.3.jar:/Users/sofiyan/Workspace/Kafka/MultipleKafkaNodes/KafkaNode3/bin/../libs/metrics-core-2.2.0.jar:/Users/sofiyan/Workspace/Kafka/MultipleKafkaNodes/KafkaNode3/bin/../libs/netty-buffer-4.1.45.Final.jar:/Users/sofiyan/Workspace/Kafka/MultipleKafkaNodes/KafkaNode3/bin/../libs/netty-codec-4.1.45.Final.jar:/Users/sofiyan/Workspace/Kafka/MultipleKafkaNodes/KafkaNode3/bin/../libs/netty-common-4.1.45.Final.jar:/Users/sofiyan/Workspace/Kafka/MultipleKafkaNodes/KafkaNode3/bin/../libs/netty-handler-4.1.45.Final.jar:/Users/sofiyan/Workspace/Kafka/MultipleKafkaNodes/KafkaNode3/bin/../libs/netty-resolver-4.1.45.Final.jar:/Users/sofiyan/Workspace/Kafka/MultipleKafkaNodes/KafkaNode3/bin/../libs/netty-transport-4.1.45.Final.jar:/Users/sofiyan/Workspace/Kafka/MultipleKafkaNodes/KafkaNode3/bin/../libs/netty-transport-native-epoll-4.1.45.Final.jar:/Users/sofiyan/Workspace/Kafka/MultipleKafkaNodes/KafkaNode3/bin/../libs/netty-transport-native-unix-common-4.1.45.Final.jar:/Users/sofiyan/Workspace/Kafka/MultipleKafkaNodes/KafkaNode3/bin/../libs/osgi-resource-locator-1.0.1.jar:/Users/sofiyan/Workspace/Kafka/MultipleKafkaNodes/KafkaNode3/bin/../libs/paranamer-2.8.jar:/Users/sofiyan/Workspace/Kafka/MultipleKafkaNodes/KafkaNode3/bin/../libs/plexus-utils-3.2.1.jar:/Users/sofiyan/Workspace/Kafka/MultipleKafkaNodes/KafkaNode3/bin/../libs/reflections-0.9.12.jar:/Users/sofiyan/Workspace/Kafka/MultipleKafkaNodes/KafkaNode3/bin/../libs/rocksdbjni-5.18.3.jar:/Users/sofiyan/Workspace/Kafka/MultipleKafkaNodes/KafkaNode3/bin/../libs/scala-collection-compat_2.13-2.1.3.jar:/Users/sofiyan/Workspace/Kafka/MultipleKafkaNodes/KafkaNode3/bin/../libs/scala-java8-compat_2.13-0.9.0.jar:/Users/sofiyan/Workspace/Kafka/MultipleKafkaNodes/KafkaNode3/bin/../libs/scala-library-2.13.1.jar:/Users/sofiyan/Workspace/Kafka/MultipleKafkaNodes/KafkaNode3/bin/../libs/scala-logging_2.13-3.9.2.jar:/Users/sofiyan/Workspace/Kafka/MultipleKafkaNodes/KafkaNode3/bin/../libs/scala-reflect-2.13.1.jar:/Users/sofiyan/Workspace/Kafka/MultipleKafkaNodes/KafkaNode3/bin/../libs/slf4j-api-1.7.30.jar:/Users/sofiyan/Workspace/Kafka/MultipleKafkaNodes/KafkaNode3/bin/../libs/slf4j-log4j12-1.7.30.jar:/Users/sofiyan/Workspace/Kafka/MultipleKafkaNodes/KafkaNode3/bin/../libs/snappy-java-1.1.7.3.jar:/Users/sofiyan/Workspace/Kafka/MultipleKafkaNodes/KafkaNode3/bin/../libs/validation-api-2.0.1.Final.jar:/Users/sofiyan/Workspace/Kafka/MultipleKafkaNodes/KafkaNode3/bin/../libs/zookeeper-3.5.7.jar:/Users/sofiyan/Workspace/Kafka/MultipleKafkaNodes/KafkaNode3/bin/../libs/zookeeper-jute-3.5.7.jar:/Users/sofiyan/Workspace/Kafka/MultipleKafkaNodes/KafkaNode3/bin/../libs/zstd-jni-1.4.4-7.jar (org.apache.zookeeper.ZooKeeper)
[2023-09-27 02:54:18,558] INFO Client environment:java.library.path=/Users/sofiyan/Library/Java/Extensions:/Library/Java/Extensions:/Network/Library/Java/Extensions:/System/Library/Java/Extensions:/usr/lib/java:. (org.apache.zookeeper.ZooKeeper)
[2023-09-27 02:54:18,558] INFO Client environment:java.io.tmpdir=/var/folders/87/l_q1dzns0qs70mtfvl9w2jlw0000gn/T/ (org.apache.zookeeper.ZooKeeper)
[2023-09-27 02:54:18,558] INFO Client environment:java.compiler=<NA> (org.apache.zookeeper.ZooKeeper)
[2023-09-27 02:54:18,558] INFO Client environment:os.name=Mac OS X (org.apache.zookeeper.ZooKeeper)
[2023-09-27 02:54:18,558] INFO Client environment:os.arch=aarch64 (org.apache.zookeeper.ZooKeeper)
[2023-09-27 02:54:18,558] INFO Client environment:os.version=13.6 (org.apache.zookeeper.ZooKeeper)
[2023-09-27 02:54:18,558] INFO Client environment:user.name=sofiyan (org.apache.zookeeper.ZooKeeper)
[2023-09-27 02:54:18,558] INFO Client environment:user.home=/Users/sofiyan (org.apache.zookeeper.ZooKeeper)
[2023-09-27 02:54:18,558] INFO Client environment:user.dir=/Users/sofiyan/Workspace/Kafka/MultipleKafkaNodes/KafkaNode3/bin (org.apache.zookeeper.ZooKeeper)
[2023-09-27 02:54:18,558] INFO Client environment:os.memory.free=979MB (org.apache.zookeeper.ZooKeeper)
[2023-09-27 02:54:18,558] INFO Client environment:os.memory.max=1024MB (org.apache.zookeeper.ZooKeeper)
[2023-09-27 02:54:18,558] INFO Client environment:os.memory.total=1024MB (org.apache.zookeeper.ZooKeeper)
[2023-09-27 02:54:18,564] INFO Initiating client connection, connectString=localhost:2181,localhost:2182,localhost:2183 sessionTimeout=18000 watcher=kafka.zookeeper.ZooKeeperClient$ZooKeeperClientWatcher$@5dcd8c7a (org.apache.zookeeper.ZooKeeper)
[2023-09-27 02:54:18,569] INFO jute.maxbuffer value is 4194304 Bytes (org.apache.zookeeper.ClientCnxnSocket)
[2023-09-27 02:54:18,572] INFO zookeeper.request.timeout value is 0. feature enabled= (org.apache.zookeeper.ClientCnxn)
[2023-09-27 02:54:18,574] INFO [ZooKeeperClient Kafka server] Waiting until connected. (kafka.zookeeper.ZooKeeperClient)
[2023-09-27 02:54:18,577] INFO Opening socket connection to server localhost/127.0.0.1:2182. Will not attempt to authenticate using SASL (unknown error) (org.apache.zookeeper.ClientCnxn)
[2023-09-27 02:54:18,581] INFO Socket connection established, initiating session, client: /127.0.0.1:55368, server: localhost/127.0.0.1:2182 (org.apache.zookeeper.ClientCnxn)
[2023-09-27 02:54:18,594] INFO Session establishment complete on server localhost/127.0.0.1:2182, sessionid = 0x20002752a450000, negotiated timeout = 18000 (org.apache.zookeeper.ClientCnxn)
[2023-09-27 02:54:18,595] INFO [ZooKeeperClient Kafka server] Connected. (kafka.zookeeper.ZooKeeperClient)
[2023-09-27 02:54:18,803] INFO Cluster ID = XGxkcC4aRuiiohIZJXGi3w (kafka.server.KafkaServer)
[2023-09-27 02:54:18,805] WARN No meta.properties file under dir /tmp/kafka-logs3/meta.properties (kafka.server.BrokerMetadataCheckpoint)
[2023-09-27 02:54:18,837] INFO KafkaConfig values: 
	advertised.host.name = null
	advertised.listeners = null
	advertised.port = null
	alter.config.policy.class.name = null
	alter.log.dirs.replication.quota.window.num = 11
	alter.log.dirs.replication.quota.window.size.seconds = 1
	authorizer.class.name = 
	auto.create.topics.enable = true
	auto.leader.rebalance.enable = true
	background.threads = 10
	broker.id = 3
	broker.id.generation.enable = true
	broker.rack = null
	client.quota.callback.class = null
	compression.type = producer
	connection.failed.authentication.delay.ms = 100
	connections.max.idle.ms = 600000
	connections.max.reauth.ms = 0
	control.plane.listener.name = null
	controlled.shutdown.enable = true
	controlled.shutdown.max.retries = 3
	controlled.shutdown.retry.backoff.ms = 5000
	controller.socket.timeout.ms = 30000
	create.topic.policy.class.name = null
	default.replication.factor = 1
	delegation.token.expiry.check.interval.ms = 3600000
	delegation.token.expiry.time.ms = 86400000
	delegation.token.master.key = null
	delegation.token.max.lifetime.ms = 604800000
	delete.records.purgatory.purge.interval.requests = 1
	delete.topic.enable = true
	fetch.max.bytes = 57671680
	fetch.purgatory.purge.interval.requests = 1000
	group.initial.rebalance.delay.ms = 0
	group.max.session.timeout.ms = 1800000
	group.max.size = 2147483647
	group.min.session.timeout.ms = 6000
	host.name = 
	inter.broker.listener.name = null
	inter.broker.protocol.version = 2.5-IV0
	kafka.metrics.polling.interval.secs = 10
	kafka.metrics.reporters = []
	leader.imbalance.check.interval.seconds = 300
	leader.imbalance.per.broker.percentage = 10
	listener.security.protocol.map = PLAINTEXT:PLAINTEXT,SSL:SSL,SASL_PLAINTEXT:SASL_PLAINTEXT,SASL_SSL:SASL_SSL
	listeners = PLAINTEXT://localhost:9092
	log.cleaner.backoff.ms = 15000
	log.cleaner.dedupe.buffer.size = 134217728
	log.cleaner.delete.retention.ms = 86400000
	log.cleaner.enable = true
	log.cleaner.io.buffer.load.factor = 0.9
	log.cleaner.io.buffer.size = 524288
	log.cleaner.io.max.bytes.per.second = 1.7976931348623157E308
	log.cleaner.max.compaction.lag.ms = 9223372036854775807
	log.cleaner.min.cleanable.ratio = 0.5
	log.cleaner.min.compaction.lag.ms = 0
	log.cleaner.threads = 1
	log.cleanup.policy = [delete]
	log.dir = /tmp/kafka-logs
	log.dirs = /tmp/kafka-logs3
	log.flush.interval.messages = 9223372036854775807
	log.flush.interval.ms = null
	log.flush.offset.checkpoint.interval.ms = 60000
	log.flush.scheduler.interval.ms = 9223372036854775807
	log.flush.start.offset.checkpoint.interval.ms = 60000
	log.index.interval.bytes = 4096
	log.index.size.max.bytes = 10485760
	log.message.downconversion.enable = true
	log.message.format.version = 2.5-IV0
	log.message.timestamp.difference.max.ms = 9223372036854775807
	log.message.timestamp.type = CreateTime
	log.preallocate = false
	log.retention.bytes = -1
	log.retention.check.interval.ms = 300000
	log.retention.hours = 168
	log.retention.minutes = null
	log.retention.ms = null
	log.roll.hours = 168
	log.roll.jitter.hours = 0
	log.roll.jitter.ms = null
	log.roll.ms = null
	log.segment.bytes = 1073741824
	log.segment.delete.delay.ms = 60000
	max.connections = 2147483647
	max.connections.per.ip = 2147483647
	max.connections.per.ip.overrides = 
	max.incremental.fetch.session.cache.slots = 1000
	message.max.bytes = 1048588
	metric.reporters = []
	metrics.num.samples = 2
	metrics.recording.level = INFO
	metrics.sample.window.ms = 30000
	min.insync.replicas = 1
	num.io.threads = 8
	num.network.threads = 3
	num.partitions = 1
	num.recovery.threads.per.data.dir = 1
	num.replica.alter.log.dirs.threads = null
	num.replica.fetchers = 1
	offset.metadata.max.bytes = 4096
	offsets.commit.required.acks = -1
	offsets.commit.timeout.ms = 5000
	offsets.load.buffer.size = 5242880
	offsets.retention.check.interval.ms = 600000
	offsets.retention.minutes = 10080
	offsets.topic.compression.codec = 0
	offsets.topic.num.partitions = 50
	offsets.topic.replication.factor = 1
	offsets.topic.segment.bytes = 104857600
	password.encoder.cipher.algorithm = AES/CBC/PKCS5Padding
	password.encoder.iterations = 4096
	password.encoder.key.length = 128
	password.encoder.keyfactory.algorithm = null
	password.encoder.old.secret = null
	password.encoder.secret = null
	port = 9092
	principal.builder.class = null
	producer.purgatory.purge.interval.requests = 1000
	queued.max.request.bytes = -1
	queued.max.requests = 500
	quota.consumer.default = 9223372036854775807
	quota.producer.default = 9223372036854775807
	quota.window.num = 11
	quota.window.size.seconds = 1
	replica.fetch.backoff.ms = 1000
	replica.fetch.max.bytes = 1048576
	replica.fetch.min.bytes = 1
	replica.fetch.response.max.bytes = 10485760
	replica.fetch.wait.max.ms = 500
	replica.high.watermark.checkpoint.interval.ms = 5000
	replica.lag.time.max.ms = 30000
	replica.selector.class = null
	replica.socket.receive.buffer.bytes = 65536
	replica.socket.timeout.ms = 30000
	replication.quota.window.num = 11
	replication.quota.window.size.seconds = 1
	request.timeout.ms = 30000
	reserved.broker.max.id = 1000
	sasl.client.callback.handler.class = null
	sasl.enabled.mechanisms = [GSSAPI]
	sasl.jaas.config = null
	sasl.kerberos.kinit.cmd = /usr/bin/kinit
	sasl.kerberos.min.time.before.relogin = 60000
	sasl.kerberos.principal.to.local.rules = [DEFAULT]
	sasl.kerberos.service.name = null
	sasl.kerberos.ticket.renew.jitter = 0.05
	sasl.kerberos.ticket.renew.window.factor = 0.8
	sasl.login.callback.handler.class = null
	sasl.login.class = null
	sasl.login.refresh.buffer.seconds = 300
	sasl.login.refresh.min.period.seconds = 60
	sasl.login.refresh.window.factor = 0.8
	sasl.login.refresh.window.jitter = 0.05
	sasl.mechanism.inter.broker.protocol = GSSAPI
	sasl.server.callback.handler.class = null
	security.inter.broker.protocol = PLAINTEXT
	security.providers = null
	socket.receive.buffer.bytes = 102400
	socket.request.max.bytes = 104857600
	socket.send.buffer.bytes = 102400
	ssl.cipher.suites = []
	ssl.client.auth = none
	ssl.enabled.protocols = [TLSv1.2]
	ssl.endpoint.identification.algorithm = https
	ssl.key.password = null
	ssl.keymanager.algorithm = SunX509
	ssl.keystore.location = null
	ssl.keystore.password = null
	ssl.keystore.type = JKS
	ssl.principal.mapping.rules = DEFAULT
	ssl.protocol = TLSv1.2
	ssl.provider = null
	ssl.secure.random.implementation = null
	ssl.trustmanager.algorithm = PKIX
	ssl.truststore.location = null
	ssl.truststore.password = null
	ssl.truststore.type = JKS
	transaction.abort.timed.out.transaction.cleanup.interval.ms = 10000
	transaction.max.timeout.ms = 900000
	transaction.remove.expired.transaction.cleanup.interval.ms = 3600000
	transaction.state.log.load.buffer.size = 5242880
	transaction.state.log.min.isr = 1
	transaction.state.log.num.partitions = 50
	transaction.state.log.replication.factor = 1
	transaction.state.log.segment.bytes = 104857600
	transactional.id.expiration.ms = 604800000
	unclean.leader.election.enable = false
	zookeeper.clientCnxnSocket = null
	zookeeper.connect = localhost:2181,localhost:2182,localhost:2183
	zookeeper.connection.timeout.ms = 18000
	zookeeper.max.in.flight.requests = 10
	zookeeper.session.timeout.ms = 18000
	zookeeper.set.acl = false
	zookeeper.ssl.cipher.suites = null
	zookeeper.ssl.client.enable = false
	zookeeper.ssl.crl.enable = false
	zookeeper.ssl.enabled.protocols = null
	zookeeper.ssl.endpoint.identification.algorithm = HTTPS
	zookeeper.ssl.keystore.location = null
	zookeeper.ssl.keystore.password = null
	zookeeper.ssl.keystore.type = null
	zookeeper.ssl.ocsp.enable = false
	zookeeper.ssl.protocol = TLSv1.2
	zookeeper.ssl.truststore.location = null
	zookeeper.ssl.truststore.password = null
	zookeeper.ssl.truststore.type = null
	zookeeper.sync.time.ms = 2000
 (kafka.server.KafkaConfig)
[2023-09-27 02:54:18,840] INFO KafkaConfig values: 
	advertised.host.name = null
	advertised.listeners = null
	advertised.port = null
	alter.config.policy.class.name = null
	alter.log.dirs.replication.quota.window.num = 11
	alter.log.dirs.replication.quota.window.size.seconds = 1
	authorizer.class.name = 
	auto.create.topics.enable = true
	auto.leader.rebalance.enable = true
	background.threads = 10
	broker.id = 3
	broker.id.generation.enable = true
	broker.rack = null
	client.quota.callback.class = null
	compression.type = producer
	connection.failed.authentication.delay.ms = 100
	connections.max.idle.ms = 600000
	connections.max.reauth.ms = 0
	control.plane.listener.name = null
	controlled.shutdown.enable = true
	controlled.shutdown.max.retries = 3
	controlled.shutdown.retry.backoff.ms = 5000
	controller.socket.timeout.ms = 30000
	create.topic.policy.class.name = null
	default.replication.factor = 1
	delegation.token.expiry.check.interval.ms = 3600000
	delegation.token.expiry.time.ms = 86400000
	delegation.token.master.key = null
	delegation.token.max.lifetime.ms = 604800000
	delete.records.purgatory.purge.interval.requests = 1
	delete.topic.enable = true
	fetch.max.bytes = 57671680
	fetch.purgatory.purge.interval.requests = 1000
	group.initial.rebalance.delay.ms = 0
	group.max.session.timeout.ms = 1800000
	group.max.size = 2147483647
	group.min.session.timeout.ms = 6000
	host.name = 
	inter.broker.listener.name = null
	inter.broker.protocol.version = 2.5-IV0
	kafka.metrics.polling.interval.secs = 10
	kafka.metrics.reporters = []
	leader.imbalance.check.interval.seconds = 300
	leader.imbalance.per.broker.percentage = 10
	listener.security.protocol.map = PLAINTEXT:PLAINTEXT,SSL:SSL,SASL_PLAINTEXT:SASL_PLAINTEXT,SASL_SSL:SASL_SSL
	listeners = PLAINTEXT://localhost:9092
	log.cleaner.backoff.ms = 15000
	log.cleaner.dedupe.buffer.size = 134217728
	log.cleaner.delete.retention.ms = 86400000
	log.cleaner.enable = true
	log.cleaner.io.buffer.load.factor = 0.9
	log.cleaner.io.buffer.size = 524288
	log.cleaner.io.max.bytes.per.second = 1.7976931348623157E308
	log.cleaner.max.compaction.lag.ms = 9223372036854775807
	log.cleaner.min.cleanable.ratio = 0.5
	log.cleaner.min.compaction.lag.ms = 0
	log.cleaner.threads = 1
	log.cleanup.policy = [delete]
	log.dir = /tmp/kafka-logs
	log.dirs = /tmp/kafka-logs3
	log.flush.interval.messages = 9223372036854775807
	log.flush.interval.ms = null
	log.flush.offset.checkpoint.interval.ms = 60000
	log.flush.scheduler.interval.ms = 9223372036854775807
	log.flush.start.offset.checkpoint.interval.ms = 60000
	log.index.interval.bytes = 4096
	log.index.size.max.bytes = 10485760
	log.message.downconversion.enable = true
	log.message.format.version = 2.5-IV0
	log.message.timestamp.difference.max.ms = 9223372036854775807
	log.message.timestamp.type = CreateTime
	log.preallocate = false
	log.retention.bytes = -1
	log.retention.check.interval.ms = 300000
	log.retention.hours = 168
	log.retention.minutes = null
	log.retention.ms = null
	log.roll.hours = 168
	log.roll.jitter.hours = 0
	log.roll.jitter.ms = null
	log.roll.ms = null
	log.segment.bytes = 1073741824
	log.segment.delete.delay.ms = 60000
	max.connections = 2147483647
	max.connections.per.ip = 2147483647
	max.connections.per.ip.overrides = 
	max.incremental.fetch.session.cache.slots = 1000
	message.max.bytes = 1048588
	metric.reporters = []
	metrics.num.samples = 2
	metrics.recording.level = INFO
	metrics.sample.window.ms = 30000
	min.insync.replicas = 1
	num.io.threads = 8
	num.network.threads = 3
	num.partitions = 1
	num.recovery.threads.per.data.dir = 1
	num.replica.alter.log.dirs.threads = null
	num.replica.fetchers = 1
	offset.metadata.max.bytes = 4096
	offsets.commit.required.acks = -1
	offsets.commit.timeout.ms = 5000
	offsets.load.buffer.size = 5242880
	offsets.retention.check.interval.ms = 600000
	offsets.retention.minutes = 10080
	offsets.topic.compression.codec = 0
	offsets.topic.num.partitions = 50
	offsets.topic.replication.factor = 1
	offsets.topic.segment.bytes = 104857600
	password.encoder.cipher.algorithm = AES/CBC/PKCS5Padding
	password.encoder.iterations = 4096
	password.encoder.key.length = 128
	password.encoder.keyfactory.algorithm = null
	password.encoder.old.secret = null
	password.encoder.secret = null
	port = 9092
	principal.builder.class = null
	producer.purgatory.purge.interval.requests = 1000
	queued.max.request.bytes = -1
	queued.max.requests = 500
	quota.consumer.default = 9223372036854775807
	quota.producer.default = 9223372036854775807
	quota.window.num = 11
	quota.window.size.seconds = 1
	replica.fetch.backoff.ms = 1000
	replica.fetch.max.bytes = 1048576
	replica.fetch.min.bytes = 1
	replica.fetch.response.max.bytes = 10485760
	replica.fetch.wait.max.ms = 500
	replica.high.watermark.checkpoint.interval.ms = 5000
	replica.lag.time.max.ms = 30000
	replica.selector.class = null
	replica.socket.receive.buffer.bytes = 65536
	replica.socket.timeout.ms = 30000
	replication.quota.window.num = 11
	replication.quota.window.size.seconds = 1
	request.timeout.ms = 30000
	reserved.broker.max.id = 1000
	sasl.client.callback.handler.class = null
	sasl.enabled.mechanisms = [GSSAPI]
	sasl.jaas.config = null
	sasl.kerberos.kinit.cmd = /usr/bin/kinit
	sasl.kerberos.min.time.before.relogin = 60000
	sasl.kerberos.principal.to.local.rules = [DEFAULT]
	sasl.kerberos.service.name = null
	sasl.kerberos.ticket.renew.jitter = 0.05
	sasl.kerberos.ticket.renew.window.factor = 0.8
	sasl.login.callback.handler.class = null
	sasl.login.class = null
	sasl.login.refresh.buffer.seconds = 300
	sasl.login.refresh.min.period.seconds = 60
	sasl.login.refresh.window.factor = 0.8
	sasl.login.refresh.window.jitter = 0.05
	sasl.mechanism.inter.broker.protocol = GSSAPI
	sasl.server.callback.handler.class = null
	security.inter.broker.protocol = PLAINTEXT
	security.providers = null
	socket.receive.buffer.bytes = 102400
	socket.request.max.bytes = 104857600
	socket.send.buffer.bytes = 102400
	ssl.cipher.suites = []
	ssl.client.auth = none
	ssl.enabled.protocols = [TLSv1.2]
	ssl.endpoint.identification.algorithm = https
	ssl.key.password = null
	ssl.keymanager.algorithm = SunX509
	ssl.keystore.location = null
	ssl.keystore.password = null
	ssl.keystore.type = JKS
	ssl.principal.mapping.rules = DEFAULT
	ssl.protocol = TLSv1.2
	ssl.provider = null
	ssl.secure.random.implementation = null
	ssl.trustmanager.algorithm = PKIX
	ssl.truststore.location = null
	ssl.truststore.password = null
	ssl.truststore.type = JKS
	transaction.abort.timed.out.transaction.cleanup.interval.ms = 10000
	transaction.max.timeout.ms = 900000
	transaction.remove.expired.transaction.cleanup.interval.ms = 3600000
	transaction.state.log.load.buffer.size = 5242880
	transaction.state.log.min.isr = 1
	transaction.state.log.num.partitions = 50
	transaction.state.log.replication.factor = 1
	transaction.state.log.segment.bytes = 104857600
	transactional.id.expiration.ms = 604800000
	unclean.leader.election.enable = false
	zookeeper.clientCnxnSocket = null
	zookeeper.connect = localhost:2181,localhost:2182,localhost:2183
	zookeeper.connection.timeout.ms = 18000
	zookeeper.max.in.flight.requests = 10
	zookeeper.session.timeout.ms = 18000
	zookeeper.set.acl = false
	zookeeper.ssl.cipher.suites = null
	zookeeper.ssl.client.enable = false
	zookeeper.ssl.crl.enable = false
	zookeeper.ssl.enabled.protocols = null
	zookeeper.ssl.endpoint.identification.algorithm = HTTPS
	zookeeper.ssl.keystore.location = null
	zookeeper.ssl.keystore.password = null
	zookeeper.ssl.keystore.type = null
	zookeeper.ssl.ocsp.enable = false
	zookeeper.ssl.protocol = TLSv1.2
	zookeeper.ssl.truststore.location = null
	zookeeper.ssl.truststore.password = null
	zookeeper.ssl.truststore.type = null
	zookeeper.sync.time.ms = 2000
 (kafka.server.KafkaConfig)
[2023-09-27 02:54:18,854] INFO [ThrottledChannelReaper-Produce]: Starting (kafka.server.ClientQuotaManager$ThrottledChannelReaper)
[2023-09-27 02:54:18,854] INFO [ThrottledChannelReaper-Fetch]: Starting (kafka.server.ClientQuotaManager$ThrottledChannelReaper)
[2023-09-27 02:54:18,855] INFO [ThrottledChannelReaper-Request]: Starting (kafka.server.ClientQuotaManager$ThrottledChannelReaper)
[2023-09-27 02:54:18,871] INFO Log directory /tmp/kafka-logs3 not found, creating it. (kafka.log.LogManager)
[2023-09-27 02:54:18,875] INFO Loading logs. (kafka.log.LogManager)
[2023-09-27 02:54:18,878] INFO Logs loading complete in 3 ms. (kafka.log.LogManager)
[2023-09-27 02:54:18,885] INFO Starting log cleanup with a period of 300000 ms. (kafka.log.LogManager)
[2023-09-27 02:54:18,886] INFO Starting log flusher with a default period of 9223372036854775807 ms. (kafka.log.LogManager)
[2023-09-27 02:54:19,077] ERROR [KafkaServer id=3] Fatal error during KafkaServer startup. Prepare to shutdown (kafka.server.KafkaServer)
org.apache.kafka.common.KafkaException: Socket server failed to bind to localhost:9092: Address already in use.
	at kafka.network.Acceptor.openServerSocket(SocketServer.scala:605)
	at kafka.network.Acceptor.<init>(SocketServer.scala:481)
	at kafka.network.SocketServer.createAcceptor(SocketServer.scala:244)
	at kafka.network.SocketServer.$anonfun$createDataPlaneAcceptorsAndProcessors$1(SocketServer.scala:213)
	at kafka.network.SocketServer.$anonfun$createDataPlaneAcceptorsAndProcessors$1$adapted(SocketServer.scala:211)
	at scala.collection.IterableOnceOps.foreach(IterableOnce.scala:553)
	at scala.collection.IterableOnceOps.foreach$(IterableOnce.scala:551)
	at scala.collection.AbstractIterable.foreach(Iterable.scala:921)
	at kafka.network.SocketServer.createDataPlaneAcceptorsAndProcessors(SocketServer.scala:211)
	at kafka.network.SocketServer.startup(SocketServer.scala:122)
	at kafka.server.KafkaServer.startup(KafkaServer.scala:266)
	at kafka.server.KafkaServerStartable.startup(KafkaServerStartable.scala:44)
	at kafka.Kafka$.main(Kafka.scala:82)
	at kafka.Kafka.main(Kafka.scala)
Caused by: java.net.BindException: Address already in use
	at java.base/sun.nio.ch.Net.bind0(Native Method)
	at java.base/sun.nio.ch.Net.bind(Net.java:459)
	at java.base/sun.nio.ch.Net.bind(Net.java:448)
	at java.base/sun.nio.ch.ServerSocketChannelImpl.bind(ServerSocketChannelImpl.java:227)
	at java.base/sun.nio.ch.ServerSocketAdaptor.bind(ServerSocketAdaptor.java:80)
	at java.base/sun.nio.ch.ServerSocketAdaptor.bind(ServerSocketAdaptor.java:73)
	at kafka.network.Acceptor.openServerSocket(SocketServer.scala:601)
	... 13 more
[2023-09-27 02:54:19,078] INFO [KafkaServer id=3] shutting down (kafka.server.KafkaServer)
[2023-09-27 02:54:19,079] INFO [SocketServer brokerId=3] Stopping socket server request processors (kafka.network.SocketServer)
[2023-09-27 02:54:19,081] INFO [SocketServer brokerId=3] Stopped socket server request processors (kafka.network.SocketServer)
[2023-09-27 02:54:19,083] INFO Shutting down. (kafka.log.LogManager)
[2023-09-27 02:54:19,091] INFO Shutdown complete. (kafka.log.LogManager)
[2023-09-27 02:54:19,091] INFO [ZooKeeperClient Kafka server] Closing. (kafka.zookeeper.ZooKeeperClient)
[2023-09-27 02:54:19,208] INFO Session: 0x20002752a450000 closed (org.apache.zookeeper.ZooKeeper)
[2023-09-27 02:54:19,208] INFO EventThread shut down for session: 0x20002752a450000 (org.apache.zookeeper.ClientCnxn)
[2023-09-27 02:54:19,209] INFO [ZooKeeperClient Kafka server] Closed. (kafka.zookeeper.ZooKeeperClient)
[2023-09-27 02:54:19,209] INFO [ThrottledChannelReaper-Fetch]: Shutting down (kafka.server.ClientQuotaManager$ThrottledChannelReaper)
[2023-09-27 02:54:19,860] INFO [ThrottledChannelReaper-Fetch]: Stopped (kafka.server.ClientQuotaManager$ThrottledChannelReaper)
[2023-09-27 02:54:19,860] INFO [ThrottledChannelReaper-Fetch]: Shutdown completed (kafka.server.ClientQuotaManager$ThrottledChannelReaper)
[2023-09-27 02:54:19,861] INFO [ThrottledChannelReaper-Produce]: Shutting down (kafka.server.ClientQuotaManager$ThrottledChannelReaper)
[2023-09-27 02:54:20,865] INFO [ThrottledChannelReaper-Produce]: Shutdown completed (kafka.server.ClientQuotaManager$ThrottledChannelReaper)
[2023-09-27 02:54:20,866] INFO [ThrottledChannelReaper-Request]: Shutting down (kafka.server.ClientQuotaManager$ThrottledChannelReaper)
[2023-09-27 02:54:20,865] INFO [ThrottledChannelReaper-Produce]: Stopped (kafka.server.ClientQuotaManager$ThrottledChannelReaper)
[2023-09-27 02:54:21,871] INFO [ThrottledChannelReaper-Request]: Stopped (kafka.server.ClientQuotaManager$ThrottledChannelReaper)
[2023-09-27 02:54:21,871] INFO [ThrottledChannelReaper-Request]: Shutdown completed (kafka.server.ClientQuotaManager$ThrottledChannelReaper)
[2023-09-27 02:54:21,874] INFO [SocketServer brokerId=3] Shutting down socket server (kafka.network.SocketServer)
[2023-09-27 02:54:21,904] INFO [SocketServer brokerId=3] Shutdown completed (kafka.network.SocketServer)
[2023-09-27 02:54:21,909] INFO [KafkaServer id=3] shut down completed (kafka.server.KafkaServer)
[2023-09-27 02:54:21,909] ERROR Exiting Kafka. (kafka.server.KafkaServerStartable)
[2023-09-27 02:54:21,909] INFO [KafkaServer id=3] shutting down (kafka.server.KafkaServer)
