[2023-10-02 13:13:36,156] TRACE [Controller id=1 epoch=1] Changed partition topic02-0 state from NonExistentPartition to NewPartition with assigned replicas 1,2 (state.change.logger)
[2023-10-02 13:13:36,157] TRACE [Controller id=1 epoch=1] Changed partition topic02-1 state from NonExistentPartition to NewPartition with assigned replicas 2,1 (state.change.logger)
[2023-10-02 13:13:36,157] TRACE [Controller id=1 epoch=1] Changed partition topic02-2 state from NonExistentPartition to NewPartition with assigned replicas 1,2 (state.change.logger)
[2023-10-02 13:13:36,158] TRACE [Controller id=1 epoch=1] Changed state of replica 1 for partition topic02-1 from NonExistentReplica to NewReplica (state.change.logger)
[2023-10-02 13:13:36,158] TRACE [Controller id=1 epoch=1] Changed state of replica 1 for partition topic02-2 from NonExistentReplica to NewReplica (state.change.logger)
[2023-10-02 13:13:36,158] TRACE [Controller id=1 epoch=1] Changed state of replica 1 for partition topic02-0 from NonExistentReplica to NewReplica (state.change.logger)
[2023-10-02 13:13:36,158] TRACE [Controller id=1 epoch=1] Changed state of replica 2 for partition topic02-2 from NonExistentReplica to NewReplica (state.change.logger)
[2023-10-02 13:13:36,158] TRACE [Controller id=1 epoch=1] Changed state of replica 2 for partition topic02-1 from NonExistentReplica to NewReplica (state.change.logger)
[2023-10-02 13:13:36,158] TRACE [Controller id=1 epoch=1] Changed state of replica 2 for partition topic02-0 from NonExistentReplica to NewReplica (state.change.logger)
[2023-10-02 13:13:36,196] TRACE [Controller id=1 epoch=1] Changed partition topic02-0 from NewPartition to OnlinePartition with state LeaderAndIsr(leader=1, leaderEpoch=0, isr=List(1, 2), zkVersion=0) (state.change.logger)
[2023-10-02 13:13:36,200] TRACE [Controller id=1 epoch=1] Changed partition topic02-1 from NewPartition to OnlinePartition with state LeaderAndIsr(leader=2, leaderEpoch=0, isr=List(2, 1), zkVersion=0) (state.change.logger)
[2023-10-02 13:13:36,200] TRACE [Controller id=1 epoch=1] Changed partition topic02-2 from NewPartition to OnlinePartition with state LeaderAndIsr(leader=1, leaderEpoch=0, isr=List(1, 2), zkVersion=0) (state.change.logger)
[2023-10-02 13:13:36,200] TRACE [Controller id=1 epoch=1] Sending become-leader LeaderAndIsr request LeaderAndIsrPartitionState(topicName='topic02', partitionIndex=2, controllerEpoch=1, leader=1, leaderEpoch=0, isr=[1, 2], zkVersion=0, replicas=[1, 2], addingReplicas=[], removingReplicas=[], isNew=true) to broker 1 for partition topic02-2 (state.change.logger)
[2023-10-02 13:13:36,200] TRACE [Controller id=1 epoch=1] Sending become-follower LeaderAndIsr request LeaderAndIsrPartitionState(topicName='topic02', partitionIndex=1, controllerEpoch=1, leader=2, leaderEpoch=0, isr=[2, 1], zkVersion=0, replicas=[2, 1], addingReplicas=[], removingReplicas=[], isNew=true) to broker 1 for partition topic02-1 (state.change.logger)
[2023-10-02 13:13:36,200] TRACE [Controller id=1 epoch=1] Sending become-leader LeaderAndIsr request LeaderAndIsrPartitionState(topicName='topic02', partitionIndex=0, controllerEpoch=1, leader=1, leaderEpoch=0, isr=[1, 2], zkVersion=0, replicas=[1, 2], addingReplicas=[], removingReplicas=[], isNew=true) to broker 1 for partition topic02-0 (state.change.logger)
[2023-10-02 13:13:36,200] TRACE [Controller id=1 epoch=1] Sending become-follower LeaderAndIsr request LeaderAndIsrPartitionState(topicName='topic02', partitionIndex=2, controllerEpoch=1, leader=1, leaderEpoch=0, isr=[1, 2], zkVersion=0, replicas=[1, 2], addingReplicas=[], removingReplicas=[], isNew=true) to broker 2 for partition topic02-2 (state.change.logger)
[2023-10-02 13:13:36,200] TRACE [Controller id=1 epoch=1] Sending become-leader LeaderAndIsr request LeaderAndIsrPartitionState(topicName='topic02', partitionIndex=1, controllerEpoch=1, leader=2, leaderEpoch=0, isr=[2, 1], zkVersion=0, replicas=[2, 1], addingReplicas=[], removingReplicas=[], isNew=true) to broker 2 for partition topic02-1 (state.change.logger)
[2023-10-02 13:13:36,200] TRACE [Controller id=1 epoch=1] Sending become-follower LeaderAndIsr request LeaderAndIsrPartitionState(topicName='topic02', partitionIndex=0, controllerEpoch=1, leader=1, leaderEpoch=0, isr=[1, 2], zkVersion=0, replicas=[1, 2], addingReplicas=[], removingReplicas=[], isNew=true) to broker 2 for partition topic02-0 (state.change.logger)
[2023-10-02 13:13:36,200] TRACE [Controller id=1 epoch=1] Sending UpdateMetadata request UpdateMetadataPartitionState(topicName='topic02', partitionIndex=2, controllerEpoch=1, leader=1, leaderEpoch=0, isr=[1, 2], zkVersion=0, replicas=[1, 2], offlineReplicas=[]) to brokers HashSet(1, 2) for partition topic02-2 (state.change.logger)
[2023-10-02 13:13:36,200] TRACE [Controller id=1 epoch=1] Sending UpdateMetadata request UpdateMetadataPartitionState(topicName='topic02', partitionIndex=1, controllerEpoch=1, leader=2, leaderEpoch=0, isr=[2, 1], zkVersion=0, replicas=[2, 1], offlineReplicas=[]) to brokers HashSet(1, 2) for partition topic02-1 (state.change.logger)
[2023-10-02 13:13:36,200] TRACE [Controller id=1 epoch=1] Sending UpdateMetadata request UpdateMetadataPartitionState(topicName='topic02', partitionIndex=0, controllerEpoch=1, leader=1, leaderEpoch=0, isr=[1, 2], zkVersion=0, replicas=[1, 2], offlineReplicas=[]) to brokers HashSet(1, 2) for partition topic02-0 (state.change.logger)
[2023-10-02 13:13:36,201] TRACE [Controller id=1 epoch=1] Changed state of replica 1 for partition topic02-1 from NewReplica to OnlineReplica (state.change.logger)
[2023-10-02 13:13:36,201] TRACE [Controller id=1 epoch=1] Changed state of replica 1 for partition topic02-2 from NewReplica to OnlineReplica (state.change.logger)
[2023-10-02 13:13:36,201] TRACE [Controller id=1 epoch=1] Changed state of replica 1 for partition topic02-0 from NewReplica to OnlineReplica (state.change.logger)
[2023-10-02 13:13:36,201] TRACE [Controller id=1 epoch=1] Changed state of replica 2 for partition topic02-2 from NewReplica to OnlineReplica (state.change.logger)
[2023-10-02 13:13:36,201] TRACE [Controller id=1 epoch=1] Changed state of replica 2 for partition topic02-1 from NewReplica to OnlineReplica (state.change.logger)
[2023-10-02 13:13:36,201] TRACE [Controller id=1 epoch=1] Changed state of replica 2 for partition topic02-0 from NewReplica to OnlineReplica (state.change.logger)
[2023-10-02 13:13:36,204] TRACE [Broker id=1] Received LeaderAndIsr request LeaderAndIsrPartitionState(topicName='topic02', partitionIndex=2, controllerEpoch=1, leader=1, leaderEpoch=0, isr=[1, 2], zkVersion=0, replicas=[1, 2], addingReplicas=[], removingReplicas=[], isNew=true) correlation id 4 from controller 1 epoch 1 (state.change.logger)
[2023-10-02 13:13:36,204] TRACE [Broker id=1] Received LeaderAndIsr request LeaderAndIsrPartitionState(topicName='topic02', partitionIndex=1, controllerEpoch=1, leader=2, leaderEpoch=0, isr=[2, 1], zkVersion=0, replicas=[2, 1], addingReplicas=[], removingReplicas=[], isNew=true) correlation id 4 from controller 1 epoch 1 (state.change.logger)
[2023-10-02 13:13:36,204] TRACE [Broker id=1] Received LeaderAndIsr request LeaderAndIsrPartitionState(topicName='topic02', partitionIndex=0, controllerEpoch=1, leader=1, leaderEpoch=0, isr=[1, 2], zkVersion=0, replicas=[1, 2], addingReplicas=[], removingReplicas=[], isNew=true) correlation id 4 from controller 1 epoch 1 (state.change.logger)
[2023-10-02 13:13:36,206] TRACE [Broker id=1] Handling LeaderAndIsr request correlationId 4 from controller 1 epoch 1 starting the become-leader transition for partition topic02-0 (state.change.logger)
[2023-10-02 13:13:36,206] TRACE [Broker id=1] Handling LeaderAndIsr request correlationId 4 from controller 1 epoch 1 starting the become-leader transition for partition topic02-2 (state.change.logger)
[2023-10-02 13:13:36,211] TRACE [Broker id=1] Stopped fetchers as part of become-leader request from controller 1 epoch 1 with correlation id 4 for partition topic02-0 (last update controller epoch 1) (state.change.logger)
[2023-10-02 13:13:36,213] TRACE [Broker id=1] Stopped fetchers as part of become-leader request from controller 1 epoch 1 with correlation id 4 for partition topic02-2 (last update controller epoch 1) (state.change.logger)
[2023-10-02 13:13:36,213] TRACE [Broker id=1] Completed LeaderAndIsr request correlationId 4 from controller 1 epoch 1 for the become-leader transition for partition topic02-0 (state.change.logger)
[2023-10-02 13:13:36,213] TRACE [Broker id=1] Completed LeaderAndIsr request correlationId 4 from controller 1 epoch 1 for the become-leader transition for partition topic02-2 (state.change.logger)
[2023-10-02 13:13:36,214] TRACE [Broker id=1] Handling LeaderAndIsr request correlationId 4 from controller 1 epoch 1 starting the become-follower transition for partition topic02-1 with leader 2 (state.change.logger)
[2023-10-02 13:13:36,218] TRACE [Broker id=1] Stopped fetchers as part of become-follower request from controller 1 epoch 1 with correlation id 4 for partition topic02-1 with leader 2 (state.change.logger)
[2023-10-02 13:13:36,219] TRACE [Broker id=1] Truncated logs and checkpointed recovery boundaries for partition topic02-1 as part of become-follower request with correlation id 4 from controller 1 epoch 1 with leader 2 (state.change.logger)
[2023-10-02 13:13:36,227] TRACE [Controller id=1 epoch=1] Received response {error_code=0,partition_errors=[{topic_name=topic02,partition_index=2,error_code=0,_tagged_fields={}},{topic_name=topic02,partition_index=1,error_code=0,_tagged_fields={}},{topic_name=topic02,partition_index=0,error_code=0,_tagged_fields={}}],_tagged_fields={}} for request LEADER_AND_ISR with correlation id 3 sent to broker localhost:9093 (id: 2 rack: null) (state.change.logger)
[2023-10-02 13:13:36,228] TRACE [Controller id=1 epoch=1] Received response {error_code=0,_tagged_fields={}} for request UPDATE_METADATA with correlation id 4 sent to broker localhost:9093 (id: 2 rack: null) (state.change.logger)
[2023-10-02 13:13:36,229] TRACE [Broker id=1] Started fetcher to new leader as part of become-follower request from controller 1 epoch 1 with correlation id 4 for partition topic02-1 with leader BrokerEndPoint(id=2, host=localhost:9093) (state.change.logger)
[2023-10-02 13:13:36,230] TRACE [Broker id=1] Completed LeaderAndIsr request correlationId 4 from controller 1 epoch 1 for the become-follower transition for partition topic02-1 with leader 2 (state.change.logger)
[2023-10-02 13:13:36,233] TRACE [Controller id=1 epoch=1] Received response {error_code=0,partition_errors=[{topic_name=topic02,partition_index=2,error_code=0,_tagged_fields={}},{topic_name=topic02,partition_index=1,error_code=0,_tagged_fields={}},{topic_name=topic02,partition_index=0,error_code=0,_tagged_fields={}}],_tagged_fields={}} for request LEADER_AND_ISR with correlation id 4 sent to broker localhost:9092 (id: 1 rack: null) (state.change.logger)
[2023-10-02 13:13:36,234] TRACE [Broker id=1] Cached leader info UpdateMetadataPartitionState(topicName='topic02', partitionIndex=2, controllerEpoch=1, leader=1, leaderEpoch=0, isr=[1, 2], zkVersion=0, replicas=[1, 2], offlineReplicas=[]) for partition topic02-2 in response to UpdateMetadata request sent by controller 1 epoch 1 with correlation id 5 (state.change.logger)
[2023-10-02 13:13:36,234] TRACE [Broker id=1] Cached leader info UpdateMetadataPartitionState(topicName='topic02', partitionIndex=1, controllerEpoch=1, leader=2, leaderEpoch=0, isr=[2, 1], zkVersion=0, replicas=[2, 1], offlineReplicas=[]) for partition topic02-1 in response to UpdateMetadata request sent by controller 1 epoch 1 with correlation id 5 (state.change.logger)
[2023-10-02 13:13:36,234] TRACE [Broker id=1] Cached leader info UpdateMetadataPartitionState(topicName='topic02', partitionIndex=0, controllerEpoch=1, leader=1, leaderEpoch=0, isr=[1, 2], zkVersion=0, replicas=[1, 2], offlineReplicas=[]) for partition topic02-0 in response to UpdateMetadata request sent by controller 1 epoch 1 with correlation id 5 (state.change.logger)
[2023-10-02 13:13:36,235] TRACE [Controller id=1 epoch=1] Received response {error_code=0,_tagged_fields={}} for request UPDATE_METADATA with correlation id 5 sent to broker localhost:9092 (id: 1 rack: null) (state.change.logger)
