[2023-09-27 02:02:00,142] INFO [Controller id=1] Processing automatic preferred replica leader election (kafka.controller.KafkaController)
[2023-09-27 02:02:00,144] TRACE [Controller id=1] Checking need to trigger auto leader balancing (kafka.controller.KafkaController)
[2023-09-27 02:02:00,145] DEBUG [Controller id=1] Topics not in preferred replica for broker 1 HashMap() (kafka.controller.KafkaController)
[2023-09-27 02:02:00,145] TRACE [Controller id=1] Leader imbalance ratio for broker 1 is 0.0 (kafka.controller.KafkaController)
[2023-09-27 02:02:50,073] DEBUG [Controller id=1] Resigning (kafka.controller.KafkaController)
[2023-09-27 02:02:50,074] DEBUG [Controller id=1] Unregister BrokerModifications handler for Set(1) (kafka.controller.KafkaController)
[2023-09-27 02:02:50,078] INFO [PartitionStateMachine controllerId=1] Stopped partition state machine (kafka.controller.ZkPartitionStateMachine)
[2023-09-27 02:02:50,079] INFO [ReplicaStateMachine controllerId=1] Stopped replica state machine (kafka.controller.ZkReplicaStateMachine)
[2023-09-27 02:02:50,079] INFO [RequestSendThread controllerId=1] Shutting down (kafka.controller.RequestSendThread)
[2023-09-27 02:02:50,080] INFO [RequestSendThread controllerId=1] Shutdown completed (kafka.controller.RequestSendThread)
[2023-09-27 02:02:50,080] INFO [RequestSendThread controllerId=1] Stopped (kafka.controller.RequestSendThread)
[2023-09-27 02:02:50,084] INFO [Controller id=1] Resigned (kafka.controller.KafkaController)
[2023-09-27 02:02:50,121] ERROR [Controller id=1] Error processing event RegisterBrokerAndReelect (kafka.controller.KafkaController)
org.apache.zookeeper.KeeperException$NoNodeException: KeeperErrorCode = NoNode
	at org.apache.zookeeper.KeeperException.create(KeeperException.java:118)
	at kafka.zk.KafkaZkClient$CheckedEphemeral.create(KafkaZkClient.scala:1760)
	at kafka.zk.KafkaZkClient.checkedEphemeralCreate(KafkaZkClient.scala:1724)
	at kafka.zk.KafkaZkClient.registerBroker(KafkaZkClient.scala:95)
	at kafka.controller.KafkaController.processRegisterBrokerAndReelect(KafkaController.scala:1799)
	at kafka.controller.KafkaController.process(KafkaController.scala:1842)
	at kafka.controller.QueuedEvent.process(ControllerEventManager.scala:52)
	at kafka.controller.ControllerEventManager$ControllerEventThread.process$1(ControllerEventManager.scala:128)
	at kafka.controller.ControllerEventManager$ControllerEventThread.$anonfun$doWork$1(ControllerEventManager.scala:131)
	at scala.runtime.java8.JFunction0$mcV$sp.apply(JFunction0$mcV$sp.scala:18)
	at kafka.metrics.KafkaTimer.time(KafkaTimer.scala:31)
	at kafka.controller.ControllerEventManager$ControllerEventThread.doWork(ControllerEventManager.scala:131)
	at kafka.utils.ShutdownableThread.run(ShutdownableThread.scala:96)
[2023-09-27 02:02:51,262] INFO [ControllerEventThread controllerId=1] Shutting down (kafka.controller.ControllerEventManager$ControllerEventThread)
[2023-09-27 02:02:51,262] INFO [ControllerEventThread controllerId=1] Shutdown completed (kafka.controller.ControllerEventManager$ControllerEventThread)
[2023-09-27 02:02:51,262] INFO [ControllerEventThread controllerId=1] Stopped (kafka.controller.ControllerEventManager$ControllerEventThread)
[2023-09-27 02:02:51,263] DEBUG [Controller id=1] Resigning (kafka.controller.KafkaController)
[2023-09-27 02:02:51,263] DEBUG [Controller id=1] Unregister BrokerModifications handler for Set() (kafka.controller.KafkaController)
[2023-09-27 02:02:51,263] INFO [PartitionStateMachine controllerId=1] Stopped partition state machine (kafka.controller.ZkPartitionStateMachine)
[2023-09-27 02:02:51,263] INFO [ReplicaStateMachine controllerId=1] Stopped replica state machine (kafka.controller.ZkReplicaStateMachine)
[2023-09-27 02:02:51,263] INFO [Controller id=1] Resigned (kafka.controller.KafkaController)
